\BOOKMARK [0][-]{chapter*.1}{Acknowledgments}{}% 1
\BOOKMARK [0][-]{chapter*.2}{Abstract}{}% 2
\BOOKMARK [0][-]{chapter*.4}{List of Tables}{}% 3
\BOOKMARK [0][-]{chapter*.5}{List of Figures}{}% 4
\BOOKMARK [0][-]{chapter*.6}{Introduction}{}% 5
\BOOKMARK [0][-]{chapter.1}{Speriment}{}% 6
\BOOKMARK [1][-]{section.1.1}{Introduction}{chapter.1}% 7
\BOOKMARK [1][-]{section.1.2}{Benefits of Online Experiments}{chapter.1}% 8
\BOOKMARK [1][-]{section.1.3}{Comparison with Other Frameworks}{chapter.1}% 9
\BOOKMARK [2][-]{subsection.1.3.1}{Properties of Speriment}{section.1.3}% 10
\BOOKMARK [2][-]{subsection.1.3.2}{Ibex}{section.1.3}% 11
\BOOKMARK [2][-]{subsection.1.3.3}{Experigen}{section.1.3}% 12
\BOOKMARK [2][-]{subsection.1.3.4}{TurkTools}{section.1.3}% 13
\BOOKMARK [2][-]{subsection.1.3.5}{WebExp}{section.1.3}% 14
\BOOKMARK [2][-]{subsection.1.3.6}{Survey Software}{section.1.3}% 15
\BOOKMARK [2][-]{subsection.1.3.7}{psiTurk}{section.1.3}% 16
\BOOKMARK [1][-]{section.1.4}{Components and Features}{chapter.1}% 17
\BOOKMARK [2][-]{subsection.1.4.1}{Pages}{section.1.4}% 18
\BOOKMARK [2][-]{subsection.1.4.2}{Options}{section.1.4}% 19
\BOOKMARK [2][-]{subsection.1.4.3}{Features of Pages and Options}{section.1.4}% 20
\BOOKMARK [2][-]{subsection.1.4.4}{Sampling}{section.1.4}% 21
\BOOKMARK [2][-]{subsection.1.4.5}{Blocks}{section.1.4}% 22
\BOOKMARK [1][-]{section.1.5}{Workflow}{chapter.1}% 23
\BOOKMARK [0][-]{chapter.2}{Cumulativity of Violations}{}% 24
\BOOKMARK [1][-]{section.2.1}{Overview}{chapter.2}% 25
\BOOKMARK [1][-]{section.2.2}{Optimality Theory}{chapter.2}% 26
\BOOKMARK [1][-]{section.2.3}{Linear vs. Exponential Combination}{chapter.2}% 27
\BOOKMARK [1][-]{section.2.4}{Experiment 1}{chapter.2}% 28
\BOOKMARK [2][-]{subsection.2.4.1}{Method}{section.2.4}% 29
\BOOKMARK [3][-]{subsubsection.2.4.1.1}{Participants}{subsection.2.4.1}% 30
\BOOKMARK [3][-]{subsubsection.2.4.1.2}{Materials}{subsection.2.4.1}% 31
\BOOKMARK [3][-]{subsubsection.2.4.1.3}{Procedure}{subsection.2.4.1}% 32
\BOOKMARK [2][-]{subsection.2.4.2}{Results}{section.2.4}% 33
\BOOKMARK [2][-]{subsection.2.4.3}{Discussion}{section.2.4}% 34
\BOOKMARK [1][-]{section.2.5}{Experiment 2}{chapter.2}% 35
\BOOKMARK [2][-]{subsection.2.5.1}{Method}{section.2.5}% 36
\BOOKMARK [3][-]{subsubsection.2.5.1.1}{Participants}{subsection.2.5.1}% 37
\BOOKMARK [3][-]{subsubsection.2.5.1.2}{Materials}{subsection.2.5.1}% 38
\BOOKMARK [3][-]{subsubsection.2.5.1.3}{Procedure}{subsection.2.5.1}% 39
\BOOKMARK [2][-]{subsection.2.5.2}{Results}{section.2.5}% 40
\BOOKMARK [2][-]{subsection.2.5.3}{Discussion}{section.2.5}% 41
\BOOKMARK [1][-]{section.2.6}{General Discussion}{chapter.2}% 42
\BOOKMARK [0][-]{chapter.3}{Effect of Alternations on Phonotactics}{}% 43
\BOOKMARK [1][-]{section.3.1}{Background}{chapter.3}% 44
\BOOKMARK [1][-]{section.3.2}{Experiment 3}{chapter.3}% 45
\BOOKMARK [2][-]{subsection.3.2.1}{Method}{section.3.2}% 46
\BOOKMARK [3][-]{subsubsection.3.2.1.1}{Participants}{subsection.3.2.1}% 47
\BOOKMARK [3][-]{subsubsection.3.2.1.2}{Inventory}{subsection.3.2.1}% 48
\BOOKMARK [3][-]{subsubsection.3.2.1.3}{Exposure Phase}{subsection.3.2.1}% 49
\BOOKMARK [3][-]{subsubsection.3.2.1.4}{Training Phase}{subsection.3.2.1}% 50
\BOOKMARK [3][-]{subsubsection.3.2.1.5}{Testing Phase}{subsection.3.2.1}% 51
\BOOKMARK [2][-]{subsection.3.2.2}{Results}{section.3.2}% 52
\BOOKMARK [2][-]{subsection.3.2.3}{Discussion}{section.3.2}% 53
\BOOKMARK [1][-]{section.3.3}{Experiment 4}{chapter.3}% 54
\BOOKMARK [2][-]{subsection.3.3.1}{Method}{section.3.3}% 55
\BOOKMARK [3][-]{subsubsection.3.3.1.1}{Training Phase}{subsection.3.3.1}% 56
\BOOKMARK [3][-]{subsubsection.3.3.1.2}{Testing Phase}{subsection.3.3.1}% 57
\BOOKMARK [3][-]{subsubsection.3.3.1.3}{Participants}{subsection.3.3.1}% 58
\BOOKMARK [2][-]{subsection.3.3.2}{Results}{section.3.3}% 59
\BOOKMARK [2][-]{subsection.3.3.3}{Discussion}{section.3.3}% 60
\BOOKMARK [1][-]{section.3.4}{General Discussion}{chapter.3}% 61
\BOOKMARK [0][-]{chapter.4}{Conclusion}{}% 62
\BOOKMARK [0][-]{appendix.A}{Experiments 1 and 2 Stimuli}{}% 63
\BOOKMARK [1][-]{section.A.1}{Experiment 1}{appendix.A}% 64
\BOOKMARK [1][-]{section.A.2}{Experiment 2}{appendix.A}% 65
\BOOKMARK [0][-]{appendix.B}{Experiments 3 and 4 Stimuli}{}% 66
\BOOKMARK [0][-]{appendix*.7}{Bibliography}{}% 67
